<?xml version="1.0" encoding="UTF-8"?>
<testsuite name="kr.co.prekore.springboot.web.HelloControllerTest" tests="2" skipped="0" failures="0" errors="0" timestamp="2020-05-21T06:37:11" hostname="Jihoui-MacBookPro.local" time="0.551">
  <properties/>
  <testcase name="hello가_리턴된다" classname="kr.co.prekore.springboot.web.HelloControllerTest" time="0.422"/>
  <testcase name="helloDto가_리턴된다" classname="kr.co.prekore.springboot.web.HelloControllerTest" time="0.127"/>
  <system-out><![CDATA[15:37:05.881 [Test worker] DEBUG org.springframework.test.context.junit4.SpringJUnit4ClassRunner - SpringJUnit4ClassRunner constructor called with [class kr.co.prekore.springboot.web.HelloControllerTest]
15:37:05.892 [Test worker] DEBUG org.springframework.test.context.BootstrapUtils - Instantiating CacheAwareContextLoaderDelegate from class [org.springframework.test.context.cache.DefaultCacheAwareContextLoaderDelegate]
15:37:05.901 [Test worker] DEBUG org.springframework.test.context.BootstrapUtils - Instantiating BootstrapContext using constructor [public org.springframework.test.context.support.DefaultBootstrapContext(java.lang.Class,org.springframework.test.context.CacheAwareContextLoaderDelegate)]
15:37:05.936 [Test worker] DEBUG org.springframework.test.context.BootstrapUtils - Instantiating TestContextBootstrapper for test class [kr.co.prekore.springboot.web.HelloControllerTest] from class [org.springframework.boot.test.autoconfigure.web.servlet.WebMvcTestContextBootstrapper]
15:37:05.970 [Test worker] INFO org.springframework.boot.test.autoconfigure.web.servlet.WebMvcTestContextBootstrapper - Neither @ContextConfiguration nor @ContextHierarchy found for test class [kr.co.prekore.springboot.web.HelloControllerTest], using SpringBootContextLoader
15:37:05.974 [Test worker] DEBUG org.springframework.test.context.support.AbstractContextLoader - Did not detect default resource location for test class [kr.co.prekore.springboot.web.HelloControllerTest]: class path resource [kr/co/prekore/springboot/web/HelloControllerTest-context.xml] does not exist
15:37:05.977 [Test worker] DEBUG org.springframework.test.context.support.AbstractContextLoader - Did not detect default resource location for test class [kr.co.prekore.springboot.web.HelloControllerTest]: class path resource [kr/co/prekore/springboot/web/HelloControllerTestContext.groovy] does not exist
15:37:05.978 [Test worker] INFO org.springframework.test.context.support.AbstractContextLoader - Could not detect default resource locations for test class [kr.co.prekore.springboot.web.HelloControllerTest]: no resource found for suffixes {-context.xml, Context.groovy}.
15:37:05.979 [Test worker] INFO org.springframework.test.context.support.AnnotationConfigContextLoaderUtils - Could not detect default configuration classes for test class [kr.co.prekore.springboot.web.HelloControllerTest]: HelloControllerTest does not declare any static, non-private, non-final, nested classes annotated with @Configuration.
15:37:06.090 [Test worker] DEBUG org.springframework.test.context.support.ActiveProfilesUtils - Could not find an 'annotation declaring class' for annotation type [org.springframework.test.context.ActiveProfiles] and class [kr.co.prekore.springboot.web.HelloControllerTest]
15:37:06.252 [Test worker] DEBUG org.springframework.context.annotation.ClassPathScanningCandidateComponentProvider - Identified candidate component class: file [/Users/jihochoi/IdeaProjects/springboot_project/build/classes/java/main/kr/co/prekore/springboot/Application.class]
15:37:06.257 [Test worker] INFO org.springframework.boot.test.context.SpringBootTestContextBootstrapper - Found @SpringBootConfiguration kr.co.prekore.springboot.Application for test class kr.co.prekore.springboot.web.HelloControllerTest
15:37:06.270 [Test worker] DEBUG org.springframework.boot.test.autoconfigure.web.servlet.WebMvcTestContextBootstrapper - @TestExecutionListeners is not present for class [kr.co.prekore.springboot.web.HelloControllerTest]: using defaults.
15:37:06.271 [Test worker] INFO org.springframework.boot.test.autoconfigure.web.servlet.WebMvcTestContextBootstrapper - Loaded default TestExecutionListener class names from location [META-INF/spring.factories]: [org.springframework.security.test.context.support.WithSecurityContextTestExecutionListener, org.springframework.security.test.context.support.ReactorContextTestExecutionListener, org.springframework.boot.test.autoconfigure.restdocs.RestDocsTestExecutionListener, org.springframework.boot.test.autoconfigure.web.client.MockRestServiceServerResetTestExecutionListener, org.springframework.boot.test.autoconfigure.web.servlet.MockMvcPrintOnlyOnFailureTestExecutionListener, org.springframework.boot.test.autoconfigure.web.servlet.WebDriverTestExecutionListener, org.springframework.boot.test.mock.mockito.MockitoTestExecutionListener, org.springframework.boot.test.mock.mockito.ResetMocksTestExecutionListener, org.springframework.test.context.web.ServletTestExecutionListener, org.springframework.test.context.support.DirtiesContextBeforeModesTestExecutionListener, org.springframework.test.context.support.DependencyInjectionTestExecutionListener, org.springframework.test.context.support.DirtiesContextTestExecutionListener, org.springframework.test.context.transaction.TransactionalTestExecutionListener, org.springframework.test.context.jdbc.SqlScriptsTestExecutionListener]
15:37:06.304 [Test worker] INFO org.springframework.boot.test.autoconfigure.web.servlet.WebMvcTestContextBootstrapper - Using TestExecutionListeners: [org.springframework.test.context.web.ServletTestExecutionListener@38e92686, org.springframework.test.context.support.DirtiesContextBeforeModesTestExecutionListener@520884d2, org.springframework.boot.test.mock.mockito.MockitoTestExecutionListener@3bdcd32d, org.springframework.boot.test.autoconfigure.SpringBootDependencyInjectionTestExecutionListener@34d8ed35, org.springframework.test.context.support.DirtiesContextTestExecutionListener@45f4303e, org.springframework.test.context.transaction.TransactionalTestExecutionListener@534c0246, org.springframework.test.context.jdbc.SqlScriptsTestExecutionListener@ed4e6b9, org.springframework.security.test.context.support.WithSecurityContextTestExecutionListener@7d161313, org.springframework.security.test.context.support.ReactorContextTestExecutionListener@1987a94f, org.springframework.boot.test.autoconfigure.restdocs.RestDocsTestExecutionListener@2a6ad60b, org.springframework.boot.test.autoconfigure.web.client.MockRestServiceServerResetTestExecutionListener@3221cd1, org.springframework.boot.test.autoconfigure.web.servlet.MockMvcPrintOnlyOnFailureTestExecutionListener@4e61092d, org.springframework.boot.test.autoconfigure.web.servlet.WebDriverTestExecutionListener@6a081c7f, org.springframework.boot.test.mock.mockito.ResetMocksTestExecutionListener@16ae55bb]
15:37:06.307 [Test worker] DEBUG org.springframework.test.annotation.ProfileValueUtils - Retrieved @ProfileValueSourceConfiguration [null] for test class [kr.co.prekore.springboot.web.HelloControllerTest]
15:37:06.308 [Test worker] DEBUG org.springframework.test.annotation.ProfileValueUtils - Retrieved ProfileValueSource type [class org.springframework.test.annotation.SystemProfileValueSource] for class [kr.co.prekore.springboot.web.HelloControllerTest]
15:37:06.309 [Test worker] DEBUG org.springframework.test.annotation.ProfileValueUtils - Retrieved @ProfileValueSourceConfiguration [null] for test class [kr.co.prekore.springboot.web.HelloControllerTest]
15:37:06.311 [Test worker] DEBUG org.springframework.test.annotation.ProfileValueUtils - Retrieved ProfileValueSource type [class org.springframework.test.annotation.SystemProfileValueSource] for class [kr.co.prekore.springboot.web.HelloControllerTest]
15:37:06.318 [Test worker] DEBUG org.springframework.test.context.support.AbstractDirtiesContextTestExecutionListener - Before test class: context [DefaultTestContext@32431e51 testClass = HelloControllerTest, testInstance = [null], testMethod = [null], testException = [null], mergedContextConfiguration = [WebMergedContextConfiguration@7bcdebf6 testClass = HelloControllerTest, locations = '{}', classes = '{class kr.co.prekore.springboot.Application}', contextInitializerClasses = '[]', activeProfiles = '{}', propertySourceLocations = '{}', propertySourceProperties = '{org.springframework.boot.test.autoconfigure.web.servlet.WebMvcTestContextBootstrapper=true}', contextCustomizers = set[org.springframework.boot.test.autoconfigure.OverrideAutoConfigurationContextCustomizerFactory$DisableAutoConfigurationContextCustomizer@1e835100, org.springframework.boot.test.autoconfigure.filter.TypeExcludeFiltersContextCustomizer@79e5b70f, org.springframework.boot.test.autoconfigure.properties.PropertyMappingContextCustomizer@91b1cded, org.springframework.boot.test.autoconfigure.web.servlet.WebDriverContextCustomizerFactory$Customizer@6f14791f, [ImportsContextCustomizer@baa5eb8 key = [org.springframework.boot.autoconfigure.cache.CacheAutoConfiguration, org.springframework.boot.autoconfigure.context.MessageSourceAutoConfiguration, org.springframework.boot.autoconfigure.data.web.SpringDataWebAutoConfiguration, org.springframework.boot.autoconfigure.freemarker.FreeMarkerAutoConfiguration, org.springframework.boot.autoconfigure.groovy.template.GroovyTemplateAutoConfiguration, org.springframework.boot.autoconfigure.gson.GsonAutoConfiguration, org.springframework.boot.autoconfigure.hateoas.HypermediaAutoConfiguration, org.springframework.boot.autoconfigure.http.HttpMessageConvertersAutoConfiguration, org.springframework.boot.autoconfigure.jackson.JacksonAutoConfiguration, org.springframework.boot.autoconfigure.jsonb.JsonbAutoConfiguration, org.springframework.boot.autoconfigure.mustache.MustacheAutoConfiguration, org.springframework.boot.autoconfigure.task.TaskExecutionAutoConfiguration, org.springframework.boot.autoconfigure.thymeleaf.ThymeleafAutoConfiguration, org.springframework.boot.autoconfigure.validation.ValidationAutoConfiguration, org.springframework.boot.autoconfigure.web.servlet.error.ErrorMvcAutoConfiguration, org.springframework.boot.autoconfigure.web.servlet.WebMvcAutoConfiguration, org.springframework.boot.test.autoconfigure.web.servlet.MockMvcAutoConfiguration, org.springframework.boot.test.autoconfigure.web.servlet.MockMvcSecurityAutoConfiguration, org.springframework.boot.test.autoconfigure.web.servlet.MockMvcWebClientAutoConfiguration, org.springframework.boot.test.autoconfigure.web.servlet.MockMvcWebDriverAutoConfiguration]], org.springframework.boot.test.context.filter.ExcludeFilterContextCustomizer@1892d9c2, org.springframework.boot.test.json.DuplicateJsonObjectContextCustomizerFactory$DuplicateJsonObjectContextCustomizer@7e751b5, org.springframework.boot.test.mock.mockito.MockitoContextCustomizer@0], resourceBasePath = 'src/main/webapp', contextLoader = 'org.springframework.boot.test.context.SpringBootContextLoader', parent = [null]], attributes = map[[empty]]], class annotated with @DirtiesContext [false] with mode [null].
15:37:06.320 [Test worker] DEBUG org.springframework.test.annotation.ProfileValueUtils - Retrieved @ProfileValueSourceConfiguration [null] for test class [kr.co.prekore.springboot.web.HelloControllerTest]
15:37:06.320 [Test worker] DEBUG org.springframework.test.annotation.ProfileValueUtils - Retrieved ProfileValueSource type [class org.springframework.test.annotation.SystemProfileValueSource] for class [kr.co.prekore.springboot.web.HelloControllerTest]
15:37:06.331 [Test worker] DEBUG org.springframework.test.context.support.DependencyInjectionTestExecutionListener - Performing dependency injection for test context [[DefaultTestContext@32431e51 testClass = HelloControllerTest, testInstance = kr.co.prekore.springboot.web.HelloControllerTest@e8e9cfc, testMethod = [null], testException = [null], mergedContextConfiguration = [WebMergedContextConfiguration@7bcdebf6 testClass = HelloControllerTest, locations = '{}', classes = '{class kr.co.prekore.springboot.Application}', contextInitializerClasses = '[]', activeProfiles = '{}', propertySourceLocations = '{}', propertySourceProperties = '{org.springframework.boot.test.autoconfigure.web.servlet.WebMvcTestContextBootstrapper=true}', contextCustomizers = set[org.springframework.boot.test.autoconfigure.OverrideAutoConfigurationContextCustomizerFactory$DisableAutoConfigurationContextCustomizer@1e835100, org.springframework.boot.test.autoconfigure.filter.TypeExcludeFiltersContextCustomizer@79e5b70f, org.springframework.boot.test.autoconfigure.properties.PropertyMappingContextCustomizer@91b1cded, org.springframework.boot.test.autoconfigure.web.servlet.WebDriverContextCustomizerFactory$Customizer@6f14791f, [ImportsContextCustomizer@baa5eb8 key = [org.springframework.boot.autoconfigure.cache.CacheAutoConfiguration, org.springframework.boot.autoconfigure.context.MessageSourceAutoConfiguration, org.springframework.boot.autoconfigure.data.web.SpringDataWebAutoConfiguration, org.springframework.boot.autoconfigure.freemarker.FreeMarkerAutoConfiguration, org.springframework.boot.autoconfigure.groovy.template.GroovyTemplateAutoConfiguration, org.springframework.boot.autoconfigure.gson.GsonAutoConfiguration, org.springframework.boot.autoconfigure.hateoas.HypermediaAutoConfiguration, org.springframework.boot.autoconfigure.http.HttpMessageConvertersAutoConfiguration, org.springframework.boot.autoconfigure.jackson.JacksonAutoConfiguration, org.springframework.boot.autoconfigure.jsonb.JsonbAutoConfiguration, org.springframework.boot.autoconfigure.mustache.MustacheAutoConfiguration, org.springframework.boot.autoconfigure.task.TaskExecutionAutoConfiguration, org.springframework.boot.autoconfigure.thymeleaf.ThymeleafAutoConfiguration, org.springframework.boot.autoconfigure.validation.ValidationAutoConfiguration, org.springframework.boot.autoconfigure.web.servlet.error.ErrorMvcAutoConfiguration, org.springframework.boot.autoconfigure.web.servlet.WebMvcAutoConfiguration, org.springframework.boot.test.autoconfigure.web.servlet.MockMvcAutoConfiguration, org.springframework.boot.test.autoconfigure.web.servlet.MockMvcSecurityAutoConfiguration, org.springframework.boot.test.autoconfigure.web.servlet.MockMvcWebClientAutoConfiguration, org.springframework.boot.test.autoconfigure.web.servlet.MockMvcWebDriverAutoConfiguration]], org.springframework.boot.test.context.filter.ExcludeFilterContextCustomizer@1892d9c2, org.springframework.boot.test.json.DuplicateJsonObjectContextCustomizerFactory$DuplicateJsonObjectContextCustomizer@7e751b5, org.springframework.boot.test.mock.mockito.MockitoContextCustomizer@0], resourceBasePath = 'src/main/webapp', contextLoader = 'org.springframework.boot.test.context.SpringBootContextLoader', parent = [null]], attributes = map[[empty]]]].
15:37:06.501 [Test worker] DEBUG org.springframework.test.context.support.TestPropertySourceUtils - Adding inlined properties to environment: {spring.jmx.enabled=false, org.springframework.boot.test.autoconfigure.web.servlet.WebMvcTestContextBootstrapper=true, server.port=-1}

  .   ____          _            __ _ _
 /\\ / ___'_ __ _ _(_)_ __  __ _ \ \ \ \
( ( )\___ | '_ | '_| | '_ \/ _` | \ \ \ \
 \\/  ___)| |_)| | | | | || (_| |  ) ) ) )
  '  |____| .__|_| |_|_| |_\__, | / / / /
 =========|_|==============|___/=/_/_/_/
 :: Spring Boot ::        (v2.1.7.RELEASE)

2020-05-21 15:37:07.034  INFO 8111 --- [    Test worker] k.c.p.s.web.HelloControllerTest          : Starting HelloControllerTest on Jihoui-MacBookPro.local with PID 8111 (started by jihochoi in /Users/jihochoi/IdeaProjects/springboot_project)
2020-05-21 15:37:07.051  INFO 8111 --- [    Test worker] k.c.p.s.web.HelloControllerTest          : No active profile set, falling back to default profiles: default
2020-05-21 15:37:09.733  INFO 8111 --- [    Test worker] o.s.s.concurrent.ThreadPoolTaskExecutor  : Initializing ExecutorService 'applicationTaskExecutor'
2020-05-21 15:37:09.900  INFO 8111 --- [    Test worker] o.s.b.a.w.s.WelcomePageHandlerMapping    : Adding welcome page template: index
2020-05-21 15:37:10.407  INFO 8111 --- [    Test worker] .s.s.UserDetailsServiceAutoConfiguration : 

Using generated security password: 49bf1c0f-4c6e-43f8-83b3-60948dde26f1

2020-05-21 15:37:10.838  INFO 8111 --- [    Test worker] o.s.s.web.DefaultSecurityFilterChain     : Creating filter chain: any request, [org.springframework.security.web.context.request.async.WebAsyncManagerIntegrationFilter@225b7865, org.springframework.security.web.context.SecurityContextPersistenceFilter@b53607e, org.springframework.security.web.header.HeaderWriterFilter@46ac18f5, org.springframework.security.web.csrf.CsrfFilter@60dcae13, org.springframework.security.web.authentication.logout.LogoutFilter@58456ee8, org.springframework.security.web.authentication.UsernamePasswordAuthenticationFilter@34cdbcc9, org.springframework.security.web.authentication.ui.DefaultLoginPageGeneratingFilter@250ef708, org.springframework.security.web.authentication.ui.DefaultLogoutPageGeneratingFilter@254b933a, org.springframework.security.web.authentication.www.BasicAuthenticationFilter@66feae84, org.springframework.security.web.savedrequest.RequestCacheAwareFilter@6b4b4082, org.springframework.security.web.servletapi.SecurityContextHolderAwareRequestFilter@5e2bba77, org.springframework.security.web.authentication.AnonymousAuthenticationFilter@325109cc, org.springframework.security.web.session.SessionManagementFilter@49f8d7ca, org.springframework.security.web.access.ExceptionTranslationFilter@720730e4, org.springframework.security.web.access.intercept.FilterSecurityInterceptor@4a98e9f2]
2020-05-21 15:37:10.918  INFO 8111 --- [    Test worker] o.s.b.t.m.w.SpringBootMockServletContext : Initializing Spring TestDispatcherServlet ''
2020-05-21 15:37:10.919  INFO 8111 --- [    Test worker] o.s.t.web.servlet.TestDispatcherServlet  : Initializing Servlet ''
2020-05-21 15:37:10.938  INFO 8111 --- [    Test worker] o.s.t.web.servlet.TestDispatcherServlet  : Completed initialization in 19 ms
2020-05-21 15:37:11.017  INFO 8111 --- [    Test worker] k.c.p.s.web.HelloControllerTest          : Started HelloControllerTest in 4.497 seconds (JVM running for 6.086)
]]></system-out>
  <system-err><![CDATA[]]></system-err>
</testsuite>
