<?xml version="1.0" encoding="UTF-8"?>
<testsuite name="kr.co.prekore.springboot.web.domain.posts.PostsRepositoryTest" tests="2" skipped="0" failures="0" errors="0" timestamp="2020-05-21T06:37:19" hostname="Jihoui-MacBookPro.local" time="0.341">
  <properties/>
  <testcase name="게시글저장_불러오기" classname="kr.co.prekore.springboot.web.domain.posts.PostsRepositoryTest" time="0.268"/>
  <testcase name="BaseTimeEntity_등록" classname="kr.co.prekore.springboot.web.domain.posts.PostsRepositoryTest" time="0.064"/>
  <system-out><![CDATA[2020-05-21 15:37:11.664  INFO 8111 --- [    Test worker] .b.t.c.SpringBootTestContextBootstrapper : Neither @ContextConfiguration nor @ContextHierarchy found for test class [kr.co.prekore.springboot.web.domain.posts.PostsRepositoryTest], using SpringBootContextLoader
2020-05-21 15:37:11.666  INFO 8111 --- [    Test worker] o.s.t.c.support.AbstractContextLoader    : Could not detect default resource locations for test class [kr.co.prekore.springboot.web.domain.posts.PostsRepositoryTest]: no resource found for suffixes {-context.xml, Context.groovy}.
2020-05-21 15:37:11.667  INFO 8111 --- [    Test worker] t.c.s.AnnotationConfigContextLoaderUtils : Could not detect default configuration classes for test class [kr.co.prekore.springboot.web.domain.posts.PostsRepositoryTest]: PostsRepositoryTest does not declare any static, non-private, non-final, nested classes annotated with @Configuration.
2020-05-21 15:37:11.691  INFO 8111 --- [    Test worker] .b.t.c.SpringBootTestContextBootstrapper : Found @SpringBootConfiguration kr.co.prekore.springboot.Application for test class kr.co.prekore.springboot.web.domain.posts.PostsRepositoryTest
2020-05-21 15:37:11.696  INFO 8111 --- [    Test worker] .b.t.c.SpringBootTestContextBootstrapper : Loaded default TestExecutionListener class names from location [META-INF/spring.factories]: [org.springframework.security.test.context.support.WithSecurityContextTestExecutionListener, org.springframework.security.test.context.support.ReactorContextTestExecutionListener, org.springframework.boot.test.autoconfigure.restdocs.RestDocsTestExecutionListener, org.springframework.boot.test.autoconfigure.web.client.MockRestServiceServerResetTestExecutionListener, org.springframework.boot.test.autoconfigure.web.servlet.MockMvcPrintOnlyOnFailureTestExecutionListener, org.springframework.boot.test.autoconfigure.web.servlet.WebDriverTestExecutionListener, org.springframework.boot.test.mock.mockito.MockitoTestExecutionListener, org.springframework.boot.test.mock.mockito.ResetMocksTestExecutionListener, org.springframework.test.context.web.ServletTestExecutionListener, org.springframework.test.context.support.DirtiesContextBeforeModesTestExecutionListener, org.springframework.test.context.support.DependencyInjectionTestExecutionListener, org.springframework.test.context.support.DirtiesContextTestExecutionListener, org.springframework.test.context.transaction.TransactionalTestExecutionListener, org.springframework.test.context.jdbc.SqlScriptsTestExecutionListener]
2020-05-21 15:37:11.698  INFO 8111 --- [    Test worker] .b.t.c.SpringBootTestContextBootstrapper : Using TestExecutionListeners: [org.springframework.test.context.web.ServletTestExecutionListener@6160a189, org.springframework.test.context.support.DirtiesContextBeforeModesTestExecutionListener@6923e09, org.springframework.boot.test.mock.mockito.MockitoTestExecutionListener@28572ce6, org.springframework.boot.test.autoconfigure.SpringBootDependencyInjectionTestExecutionListener@6423ed80, org.springframework.test.context.support.DirtiesContextTestExecutionListener@ab6464, org.springframework.test.context.transaction.TransactionalTestExecutionListener@175e600e, org.springframework.test.context.jdbc.SqlScriptsTestExecutionListener@67f4e1f, org.springframework.security.test.context.support.WithSecurityContextTestExecutionListener@7d4becbd, org.springframework.security.test.context.support.ReactorContextTestExecutionListener@26182f34, org.springframework.boot.test.autoconfigure.restdocs.RestDocsTestExecutionListener@42a275e9, org.springframework.boot.test.autoconfigure.web.client.MockRestServiceServerResetTestExecutionListener@3e51c414, org.springframework.boot.test.autoconfigure.web.servlet.MockMvcPrintOnlyOnFailureTestExecutionListener@1c5df967, org.springframework.boot.test.autoconfigure.web.servlet.WebDriverTestExecutionListener@7b5b0457, org.springframework.boot.test.mock.mockito.ResetMocksTestExecutionListener@2a072be8]

  .   ____          _            __ _ _
 /\\ / ___'_ __ _ _(_)_ __  __ _ \ \ \ \
( ( )\___ | '_ | '_| | '_ \/ _` | \ \ \ \
 \\/  ___)| |_)| | | | | || (_| |  ) ) ) )
  '  |____| .__|_| |_|_| |_\__, | / / / /
 =========|_|==============|___/=/_/_/_/
 :: Spring Boot ::        (v2.1.7.RELEASE)

2020-05-21 15:37:11.748  INFO 8111 --- [    Test worker] k.c.p.s.w.d.posts.PostsRepositoryTest    : Starting PostsRepositoryTest on Jihoui-MacBookPro.local with PID 8111 (started by jihochoi in /Users/jihochoi/IdeaProjects/springboot_project)
2020-05-21 15:37:11.755  INFO 8111 --- [    Test worker] k.c.p.s.w.d.posts.PostsRepositoryTest    : No active profile set, falling back to default profiles: default
2020-05-21 15:37:12.617  INFO 8111 --- [    Test worker] .s.d.r.c.RepositoryConfigurationDelegate : Bootstrapping Spring Data repositories in DEFAULT mode.
2020-05-21 15:37:12.747  INFO 8111 --- [    Test worker] .s.d.r.c.RepositoryConfigurationDelegate : Finished Spring Data repository scanning in 112ms. Found 2 repository interfaces.
2020-05-21 15:37:13.347  INFO 8111 --- [    Test worker] trationDelegate$BeanPostProcessorChecker : Bean 'org.springframework.transaction.annotation.ProxyTransactionManagementConfiguration' of type [org.springframework.transaction.annotation.ProxyTransactionManagementConfiguration$$EnhancerBySpringCGLIB$$ad77fd08] is not eligible for getting processed by all BeanPostProcessors (for example: not eligible for auto-proxying)
2020-05-21 15:37:13.663  INFO 8111 --- [    Test worker] com.zaxxer.hikari.HikariDataSource       : HikariPool-1 - Starting...
2020-05-21 15:37:14.007  INFO 8111 --- [    Test worker] com.zaxxer.hikari.HikariDataSource       : HikariPool-1 - Start completed.
2020-05-21 15:37:14.198  INFO 8111 --- [    Test worker] o.hibernate.jpa.internal.util.LogHelper  : HHH000204: Processing PersistenceUnitInfo [
	name: default
	...]
2020-05-21 15:37:14.336  INFO 8111 --- [    Test worker] org.hibernate.Version                    : HHH000412: Hibernate Core {5.3.10.Final}
2020-05-21 15:37:14.340  INFO 8111 --- [    Test worker] org.hibernate.cfg.Environment            : HHH000206: hibernate.properties not found
2020-05-21 15:37:14.458  INFO 8111 --- [    Test worker] o.hibernate.annotations.common.Version   : HCANN000001: Hibernate Commons Annotations {5.0.4.Final}
2020-05-21 15:37:14.789  INFO 8111 --- [    Test worker] org.hibernate.dialect.Dialect            : HHH000400: Using dialect: org.hibernate.dialect.MySQL5InnoDBDialect
Hibernate: drop table if exists posts
Hibernate: drop table if exists user
Hibernate: create table posts (id bigint not null auto_increment, created_date datetime, modified_date datetime, author varchar(255), content Text not null, title varchar(500) not null, primary key (id)) engine=InnoDB
Hibernate: create table user (id bigint not null auto_increment, created_date datetime, modified_date datetime, email varchar(255) not null, name varchar(255) not null, picture varchar(255), role varchar(255) not null, primary key (id)) engine=InnoDB
2020-05-21 15:37:16.320  INFO 8111 --- [    Test worker] o.h.t.schema.internal.SchemaCreatorImpl  : HHH000476: Executing import script 'org.hibernate.tool.schema.internal.exec.ScriptSourceInputNonExistentImpl@765da93'
2020-05-21 15:37:16.326  INFO 8111 --- [    Test worker] j.LocalContainerEntityManagerFactoryBean : Initialized JPA EntityManagerFactory for persistence unit 'default'
2020-05-21 15:37:17.200  INFO 8111 --- [    Test worker] o.h.h.i.QueryTranslatorFactoryInitiator  : HHH000397: Using ASTQueryTranslatorFactory
2020-05-21 15:37:17.731  INFO 8111 --- [    Test worker] o.s.s.web.DefaultSecurityFilterChain     : Creating filter chain: any request, [org.springframework.security.web.context.request.async.WebAsyncManagerIntegrationFilter@3a8ae3b9, org.springframework.security.web.context.SecurityContextPersistenceFilter@5d6d5102, org.springframework.security.web.header.HeaderWriterFilter@1729e7ea, org.springframework.security.web.authentication.logout.LogoutFilter@6463c896, org.springframework.security.oauth2.client.web.OAuth2AuthorizationRequestRedirectFilter@3add7b1e, org.springframework.security.oauth2.client.web.OAuth2LoginAuthenticationFilter@4f7f80ce, org.springframework.security.web.authentication.ui.DefaultLoginPageGeneratingFilter@53b176a3, org.springframework.security.web.authentication.ui.DefaultLogoutPageGeneratingFilter@7495186, org.springframework.security.web.savedrequest.RequestCacheAwareFilter@7edad72b, org.springframework.security.web.servletapi.SecurityContextHolderAwareRequestFilter@269479ad, org.springframework.security.web.authentication.AnonymousAuthenticationFilter@3403d851, org.springframework.security.web.session.SessionManagementFilter@32c8e307, org.springframework.security.web.access.ExceptionTranslationFilter@6418f19d, org.springframework.security.web.access.intercept.FilterSecurityInterceptor@2f505285]
2020-05-21 15:37:18.404  INFO 8111 --- [    Test worker] o.s.s.concurrent.ThreadPoolTaskExecutor  : Initializing ExecutorService 'applicationTaskExecutor'
2020-05-21 15:37:18.438  WARN 8111 --- [    Test worker] aWebConfiguration$JpaWebMvcConfiguration : spring.jpa.open-in-view is enabled by default. Therefore, database queries may be performed during view rendering. Explicitly configure spring.jpa.open-in-view to disable this warning
2020-05-21 15:37:18.494  INFO 8111 --- [    Test worker] o.s.b.a.w.s.WelcomePageHandlerMapping    : Adding welcome page template: index
2020-05-21 15:37:19.229  INFO 8111 --- [    Test worker] s.a.ScheduledAnnotationBeanPostProcessor : No TaskScheduler/ScheduledExecutorService bean found for scheduled processing
2020-05-21 15:37:19.241  INFO 8111 --- [    Test worker] k.c.p.s.w.d.posts.PostsRepositoryTest    : Started PostsRepositoryTest in 7.541 seconds (JVM running for 14.31)
Hibernate: insert into posts (created_date, modified_date, author, content, title) values (?, ?, ?, ?, ?)
Hibernate: select posts0_.id as id1_0_, posts0_.created_date as created_2_0_, posts0_.modified_date as modified3_0_, posts0_.author as author4_0_, posts0_.content as content5_0_, posts0_.title as title6_0_ from posts posts0_
Hibernate: select posts0_.id as id1_0_, posts0_.created_date as created_2_0_, posts0_.modified_date as modified3_0_, posts0_.author as author4_0_, posts0_.content as content5_0_, posts0_.title as title6_0_ from posts posts0_
Hibernate: delete from posts where id=?
Hibernate: insert into posts (created_date, modified_date, author, content, title) values (?, ?, ?, ?, ?)
Hibernate: select posts0_.id as id1_0_, posts0_.created_date as created_2_0_, posts0_.modified_date as modified3_0_, posts0_.author as author4_0_, posts0_.content as content5_0_, posts0_.title as title6_0_ from posts posts0_
>>>>>>>> createdDate=2020-05-21T15:37:19.529, modifiedDate=2020-05-21T15:37:19.529
Hibernate: select posts0_.id as id1_0_, posts0_.created_date as created_2_0_, posts0_.modified_date as modified3_0_, posts0_.author as author4_0_, posts0_.content as content5_0_, posts0_.title as title6_0_ from posts posts0_
Hibernate: delete from posts where id=?
]]></system-out>
  <system-err><![CDATA[]]></system-err>
</testsuite>
