<?xml version="1.0" encoding="UTF-8"?>
<testsuite name="kr.co.prekore.springboot.web.IndexControllerTest" tests="1" skipped="0" failures="0" errors="0" timestamp="2020-05-21T06:37:23" hostname="Jihoui-MacBookPro.local" time="0.342">
  <properties/>
  <testcase name="메인페이지_로딩" classname="kr.co.prekore.springboot.web.IndexControllerTest" time="0.342"/>
  <system-out><![CDATA[2020-05-21 15:37:19.594  INFO 8111 --- [    Test worker] .b.t.c.SpringBootTestContextBootstrapper : Neither @ContextConfiguration nor @ContextHierarchy found for test class [kr.co.prekore.springboot.web.IndexControllerTest], using SpringBootContextLoader
2020-05-21 15:37:19.595  INFO 8111 --- [    Test worker] o.s.t.c.support.AbstractContextLoader    : Could not detect default resource locations for test class [kr.co.prekore.springboot.web.IndexControllerTest]: no resource found for suffixes {-context.xml, Context.groovy}.
2020-05-21 15:37:19.595  INFO 8111 --- [    Test worker] t.c.s.AnnotationConfigContextLoaderUtils : Could not detect default configuration classes for test class [kr.co.prekore.springboot.web.IndexControllerTest]: IndexControllerTest does not declare any static, non-private, non-final, nested classes annotated with @Configuration.
2020-05-21 15:37:19.597  INFO 8111 --- [    Test worker] .b.t.c.SpringBootTestContextBootstrapper : Found @SpringBootConfiguration kr.co.prekore.springboot.Application for test class kr.co.prekore.springboot.web.IndexControllerTest
2020-05-21 15:37:19.599  INFO 8111 --- [    Test worker] .b.t.c.SpringBootTestContextBootstrapper : Loaded default TestExecutionListener class names from location [META-INF/spring.factories]: [org.springframework.security.test.context.support.WithSecurityContextTestExecutionListener, org.springframework.security.test.context.support.ReactorContextTestExecutionListener, org.springframework.boot.test.autoconfigure.restdocs.RestDocsTestExecutionListener, org.springframework.boot.test.autoconfigure.web.client.MockRestServiceServerResetTestExecutionListener, org.springframework.boot.test.autoconfigure.web.servlet.MockMvcPrintOnlyOnFailureTestExecutionListener, org.springframework.boot.test.autoconfigure.web.servlet.WebDriverTestExecutionListener, org.springframework.boot.test.mock.mockito.MockitoTestExecutionListener, org.springframework.boot.test.mock.mockito.ResetMocksTestExecutionListener, org.springframework.test.context.web.ServletTestExecutionListener, org.springframework.test.context.support.DirtiesContextBeforeModesTestExecutionListener, org.springframework.test.context.support.DependencyInjectionTestExecutionListener, org.springframework.test.context.support.DirtiesContextTestExecutionListener, org.springframework.test.context.transaction.TransactionalTestExecutionListener, org.springframework.test.context.jdbc.SqlScriptsTestExecutionListener]
2020-05-21 15:37:19.601  INFO 8111 --- [    Test worker] .b.t.c.SpringBootTestContextBootstrapper : Using TestExecutionListeners: [org.springframework.test.context.web.ServletTestExecutionListener@7a3d50b9, org.springframework.test.context.support.DirtiesContextBeforeModesTestExecutionListener@da4bd2, org.springframework.boot.test.mock.mockito.MockitoTestExecutionListener@603be33f, org.springframework.boot.test.autoconfigure.SpringBootDependencyInjectionTestExecutionListener@443565c2, org.springframework.test.context.support.DirtiesContextTestExecutionListener@541d4d65, org.springframework.test.context.transaction.TransactionalTestExecutionListener@6cb08ef, org.springframework.test.context.jdbc.SqlScriptsTestExecutionListener@39d62112, org.springframework.security.test.context.support.WithSecurityContextTestExecutionListener@5622589f, org.springframework.security.test.context.support.ReactorContextTestExecutionListener@686a415b, org.springframework.boot.test.autoconfigure.restdocs.RestDocsTestExecutionListener@3638b0c9, org.springframework.boot.test.autoconfigure.web.client.MockRestServiceServerResetTestExecutionListener@3eeec9ad, org.springframework.boot.test.autoconfigure.web.servlet.MockMvcPrintOnlyOnFailureTestExecutionListener@7a4c984f, org.springframework.boot.test.autoconfigure.web.servlet.WebDriverTestExecutionListener@40167ec4, org.springframework.boot.test.mock.mockito.ResetMocksTestExecutionListener@33db20f7]

  .   ____          _            __ _ _
 /\\ / ___'_ __ _ _(_)_ __  __ _ \ \ \ \
( ( )\___ | '_ | '_| | '_ \/ _` | \ \ \ \
 \\/  ___)| |_)| | | | | || (_| |  ) ) ) )
  '  |____| .__|_| |_|_| |_\__, | / / / /
 =========|_|==============|___/=/_/_/_/
 :: Spring Boot ::        (v2.1.7.RELEASE)

2020-05-21 15:37:19.686  INFO 8111 --- [    Test worker] k.c.p.s.web.IndexControllerTest          : Starting IndexControllerTest on Jihoui-MacBookPro.local with PID 8111 (started by jihochoi in /Users/jihochoi/IdeaProjects/springboot_project)
2020-05-21 15:37:19.686  INFO 8111 --- [    Test worker] k.c.p.s.web.IndexControllerTest          : No active profile set, falling back to default profiles: default
2020-05-21 15:37:20.032  INFO 8111 --- [    Test worker] .s.d.r.c.RepositoryConfigurationDelegate : Bootstrapping Spring Data repositories in DEFAULT mode.
2020-05-21 15:37:20.055  INFO 8111 --- [    Test worker] .s.d.r.c.RepositoryConfigurationDelegate : Finished Spring Data repository scanning in 22ms. Found 2 repository interfaces.
2020-05-21 15:37:20.216  INFO 8111 --- [    Test worker] trationDelegate$BeanPostProcessorChecker : Bean 'org.springframework.transaction.annotation.ProxyTransactionManagementConfiguration' of type [org.springframework.transaction.annotation.ProxyTransactionManagementConfiguration$$EnhancerBySpringCGLIB$$ad77fd08] is not eligible for getting processed by all BeanPostProcessors (for example: not eligible for auto-proxying)
2020-05-21 15:37:20.729  INFO 8111 --- [    Test worker] o.s.b.w.embedded.tomcat.TomcatWebServer  : Tomcat initialized with port(s): 0 (http)
2020-05-21 15:37:20.790  INFO 8111 --- [    Test worker] o.apache.catalina.core.StandardService   : Starting service [Tomcat]
2020-05-21 15:37:20.791  INFO 8111 --- [    Test worker] org.apache.catalina.core.StandardEngine  : Starting Servlet engine: [Apache Tomcat/9.0.22]
2020-05-21 15:37:21.096  INFO 8111 --- [    Test worker] o.a.c.c.C.[Tomcat].[localhost].[/]       : Initializing Spring embedded WebApplicationContext
2020-05-21 15:37:21.097  INFO 8111 --- [    Test worker] o.s.web.context.ContextLoader            : Root WebApplicationContext: initialization completed in 1408 ms
2020-05-21 15:37:21.408  INFO 8111 --- [    Test worker] com.zaxxer.hikari.HikariDataSource       : HikariPool-2 - Starting...
2020-05-21 15:37:21.418  INFO 8111 --- [    Test worker] com.zaxxer.hikari.HikariDataSource       : HikariPool-2 - Start completed.
2020-05-21 15:37:21.480  INFO 8111 --- [    Test worker] o.hibernate.jpa.internal.util.LogHelper  : HHH000204: Processing PersistenceUnitInfo [
	name: default
	...]
2020-05-21 15:37:21.503  INFO 8111 --- [    Test worker] org.hibernate.dialect.Dialect            : HHH000400: Using dialect: org.hibernate.dialect.MySQL5InnoDBDialect
Hibernate: drop table if exists posts
Hibernate: drop table if exists user
Hibernate: create table posts (id bigint not null auto_increment, created_date datetime, modified_date datetime, author varchar(255), content Text not null, title varchar(500) not null, primary key (id)) engine=InnoDB
Hibernate: create table user (id bigint not null auto_increment, created_date datetime, modified_date datetime, email varchar(255) not null, name varchar(255) not null, picture varchar(255), role varchar(255) not null, primary key (id)) engine=InnoDB
2020-05-21 15:37:21.623  INFO 8111 --- [    Test worker] o.h.t.schema.internal.SchemaCreatorImpl  : HHH000476: Executing import script 'org.hibernate.tool.schema.internal.exec.ScriptSourceInputNonExistentImpl@765da93'
2020-05-21 15:37:21.623  INFO 8111 --- [    Test worker] j.LocalContainerEntityManagerFactoryBean : Initialized JPA EntityManagerFactory for persistence unit 'default'
2020-05-21 15:37:22.157  INFO 8111 --- [    Test worker] o.h.h.i.QueryTranslatorFactoryInitiator  : HHH000397: Using ASTQueryTranslatorFactory
2020-05-21 15:37:22.366  INFO 8111 --- [    Test worker] o.s.s.web.DefaultSecurityFilterChain     : Creating filter chain: any request, [org.springframework.security.web.context.request.async.WebAsyncManagerIntegrationFilter@79fc1b68, org.springframework.security.web.context.SecurityContextPersistenceFilter@17b2b545, org.springframework.security.web.header.HeaderWriterFilter@52d9638c, org.springframework.security.web.authentication.logout.LogoutFilter@5781be4e, org.springframework.security.oauth2.client.web.OAuth2AuthorizationRequestRedirectFilter@69b31ebb, org.springframework.security.oauth2.client.web.OAuth2LoginAuthenticationFilter@27f6518f, org.springframework.security.web.authentication.ui.DefaultLoginPageGeneratingFilter@559b2125, org.springframework.security.web.authentication.ui.DefaultLogoutPageGeneratingFilter@7e1f7a89, org.springframework.security.web.savedrequest.RequestCacheAwareFilter@60b21a3f, org.springframework.security.web.servletapi.SecurityContextHolderAwareRequestFilter@796ed0a6, org.springframework.security.web.authentication.AnonymousAuthenticationFilter@fa8e537, org.springframework.security.web.session.SessionManagementFilter@2321ef09, org.springframework.security.web.access.ExceptionTranslationFilter@7c217ac6, org.springframework.security.web.access.intercept.FilterSecurityInterceptor@1232aad4]
2020-05-21 15:37:22.650  INFO 8111 --- [    Test worker] o.s.s.concurrent.ThreadPoolTaskExecutor  : Initializing ExecutorService 'applicationTaskExecutor'
2020-05-21 15:37:22.674  WARN 8111 --- [    Test worker] aWebConfiguration$JpaWebMvcConfiguration : spring.jpa.open-in-view is enabled by default. Therefore, database queries may be performed during view rendering. Explicitly configure spring.jpa.open-in-view to disable this warning
2020-05-21 15:37:22.747  INFO 8111 --- [    Test worker] o.s.b.a.w.s.WelcomePageHandlerMapping    : Adding welcome page template: index
2020-05-21 15:37:23.154  INFO 8111 --- [    Test worker] s.a.ScheduledAnnotationBeanPostProcessor : No TaskScheduler/ScheduledExecutorService bean found for scheduled processing
2020-05-21 15:37:23.195  INFO 8111 --- [    Test worker] o.s.b.w.embedded.tomcat.TomcatWebServer  : Tomcat started on port(s): 51432 (http) with context path ''
2020-05-21 15:37:23.196  INFO 8111 --- [    Test worker] k.c.p.s.web.IndexControllerTest          : Started IndexControllerTest in 3.592 seconds (JVM running for 18.264)
2020-05-21 15:37:23.368  INFO 8111 --- [o-auto-1-exec-1] o.a.c.c.C.[Tomcat].[localhost].[/]       : Initializing Spring DispatcherServlet 'dispatcherServlet'
2020-05-21 15:37:23.369  INFO 8111 --- [o-auto-1-exec-1] o.s.web.servlet.DispatcherServlet        : Initializing Servlet 'dispatcherServlet'
2020-05-21 15:37:23.406  INFO 8111 --- [o-auto-1-exec-1] o.s.web.servlet.DispatcherServlet        : Completed initialization in 36 ms
Hibernate: select posts0_.id as id1_0_, posts0_.created_date as created_2_0_, posts0_.modified_date as modified3_0_, posts0_.author as author4_0_, posts0_.content as content5_0_, posts0_.title as title6_0_ from posts posts0_ order by posts0_.id DESC
]]></system-out>
  <system-err><![CDATA[]]></system-err>
</testsuite>
